[Thu, 16 Feb 2012 18:14:57 +0100] Warning: (PHP Error) date() [<a href='function.date'>function.date</a>]: It is not safe to rely on the system's timezone settings. Please use the date.timezone setting, the TZ environment variable or the date_default_timezone_set() function. In case you used any of those methods and you are still getting this warning, you most likely misspelled the timezone identifier. We selected 'Europe/Paris' for '1.0/no DST' instead in H:\Workspace\php-axiom\www\php-axiom\libraries\axiom\axTextLogger.class.php on line 71
[Thu, 16 Feb 2012 18:14:57 +0100] Notice: --- axRouter Started ---
[Thu, 16 Feb 2012 18:14:57 +0100] Debug: Invoke: ErrorController::http404
[Thu, 16 Feb 2012 18:14:57 +0100] Notice: (PHP Error) Undefined variable: layout_title in H:\Workspace\php-axiom\www\php-axiom\application\view\layouts\default.html.php on line 4
[Thu, 16 Feb 2012 18:14:57 +0100] Notice: (PHP Error) Undefined variable: lang in H:\Workspace\php-axiom\www\php-axiom\application\view\layouts\default.html.php on line 6
[Thu, 16 Feb 2012 18:15:26 +0100] Warning: (PHP Error) date() [<a href='function.date'>function.date</a>]: It is not safe to rely on the system's timezone settings. Please use the date.timezone setting, the TZ environment variable or the date_default_timezone_set() function. In case you used any of those methods and you are still getting this warning, you most likely misspelled the timezone identifier. We selected 'Europe/Paris' for '1.0/no DST' instead in H:\Workspace\php-axiom\www\php-axiom\libraries\axiom\axTextLogger.class.php on line 71
[Thu, 16 Feb 2012 18:15:26 +0100] Notice: --- axRouter Started ---
[Thu, 16 Feb 2012 18:15:26 +0100] Debug: Invoke: ErrorController::http404
[Thu, 16 Feb 2012 18:15:26 +0100] Notice: (PHP Error) Undefined variable: layout_title in H:\Workspace\php-axiom\www\php-axiom\application\view\layouts\default.html.php on line 4
[Thu, 16 Feb 2012 18:15:26 +0100] Notice: (PHP Error) Undefined variable: lang in H:\Workspace\php-axiom\www\php-axiom\application\view\layouts\default.html.php on line 6
[Thu, 16 Feb 2012 18:18:12 +0100] Warning: (PHP Error) date() [<a href='function.date'>function.date</a>]: It is not safe to rely on the system's timezone settings. Please use the date.timezone setting, the TZ environment variable or the date_default_timezone_set() function. In case you used any of those methods and you are still getting this warning, you most likely misspelled the timezone identifier. We selected 'Europe/Paris' for '1.0/no DST' instead in H:\Workspace\php-axiom\www\php-axiom\libraries\axiom\axTextLogger.class.php on line 71
[Thu, 16 Feb 2012 18:18:12 +0100] Notice: --- axRouter Started ---
[Thu, 16 Feb 2012 18:18:12 +0100] Debug: Invoke: ErrorController::http404
[Thu, 16 Feb 2012 18:19:10 +0100] Warning: (PHP Error) date() [<a href='function.date'>function.date</a>]: It is not safe to rely on the system's timezone settings. Please use the date.timezone setting, the TZ environment variable or the date_default_timezone_set() function. In case you used any of those methods and you are still getting this warning, you most likely misspelled the timezone identifier. We selected 'Europe/Paris' for '1.0/no DST' instead in H:\Workspace\php-axiom\www\php-axiom\libraries\axiom\axTextLogger.class.php on line 71
[Thu, 16 Feb 2012 18:19:10 +0100] Notice: --- axRouter Started ---
[Thu, 16 Feb 2012 18:19:10 +0100] Debug: Invoke: ErrorController::http404
[Thu, 16 Feb 2012 18:19:54 +0100] Warning: (PHP Error) date() [<a href='function.date'>function.date</a>]: It is not safe to rely on the system's timezone settings. Please use the date.timezone setting, the TZ environment variable or the date_default_timezone_set() function. In case you used any of those methods and you are still getting this warning, you most likely misspelled the timezone identifier. We selected 'Europe/Paris' for '1.0/no DST' instead in H:\Workspace\php-axiom\www\php-axiom\libraries\axiom\axTextLogger.class.php on line 71
[Thu, 16 Feb 2012 18:19:54 +0100] Notice: --- axRouter Started ---
[Thu, 16 Feb 2012 18:19:54 +0100] Debug: Invoke: ErrorController::http404
[Thu, 16 Feb 2012 18:20:22 +0100] Warning: (PHP Error) date() [<a href='function.date'>function.date</a>]: It is not safe to rely on the system's timezone settings. Please use the date.timezone setting, the TZ environment variable or the date_default_timezone_set() function. In case you used any of those methods and you are still getting this warning, you most likely misspelled the timezone identifier. We selected 'Europe/Paris' for '1.0/no DST' instead in H:\Workspace\php-axiom\www\php-axiom\libraries\axiom\axTextLogger.class.php on line 71
[Thu, 16 Feb 2012 18:20:22 +0100] Notice: --- axRouter Started ---
[Thu, 16 Feb 2012 18:20:22 +0100] Debug: Invoke: ErrorController::http404
[Thu, 16 Feb 2012 18:21:24 +0100] Warning: (PHP Error) date() [<a href='function.date'>function.date</a>]: It is not safe to rely on the system's timezone settings. Please use the date.timezone setting, the TZ environment variable or the date_default_timezone_set() function. In case you used any of those methods and you are still getting this warning, you most likely misspelled the timezone identifier. We selected 'Europe/Paris' for '1.0/no DST' instead in H:\Workspace\php-axiom\www\php-axiom\libraries\axiom\axTextLogger.class.php on line 71
[Thu, 16 Feb 2012 18:21:24 +0100] Notice: --- axRouter Started ---
[Thu, 16 Feb 2012 18:21:24 +0100] Debug: Invoke: ErrorController::http404
[Thu, 16 Feb 2012 18:21:25 +0100] Warning: (PHP Error) date() [<a href='function.date'>function.date</a>]: It is not safe to rely on the system's timezone settings. Please use the date.timezone setting, the TZ environment variable or the date_default_timezone_set() function. In case you used any of those methods and you are still getting this warning, you most likely misspelled the timezone identifier. We selected 'Europe/Paris' for '1.0/no DST' instead in H:\Workspace\php-axiom\www\php-axiom\libraries\axiom\axTextLogger.class.php on line 71
[Thu, 16 Feb 2012 18:21:25 +0100] Notice: --- axRouter Started ---
[Thu, 16 Feb 2012 18:21:25 +0100] Debug: Invoke: ErrorController::http404
[Thu, 16 Feb 2012 18:21:31 +0100] Warning: (PHP Error) date() [<a href='function.date'>function.date</a>]: It is not safe to rely on the system's timezone settings. Please use the date.timezone setting, the TZ environment variable or the date_default_timezone_set() function. In case you used any of those methods and you are still getting this warning, you most likely misspelled the timezone identifier. We selected 'Europe/Paris' for '1.0/no DST' instead in H:\Workspace\php-axiom\www\php-axiom\libraries\axiom\axTextLogger.class.php on line 71
[Thu, 16 Feb 2012 18:21:31 +0100] Notice: --- axRouter Started ---
[Thu, 16 Feb 2012 18:21:31 +0100] Debug: Invoke: ErrorController::http404
[Thu, 16 Feb 2012 18:21:45 +0100] Warning: (PHP Error) date() [<a href='function.date'>function.date</a>]: It is not safe to rely on the system's timezone settings. Please use the date.timezone setting, the TZ environment variable or the date_default_timezone_set() function. In case you used any of those methods and you are still getting this warning, you most likely misspelled the timezone identifier. We selected 'Europe/Paris' for '1.0/no DST' instead in H:\Workspace\php-axiom\www\php-axiom\libraries\axiom\axTextLogger.class.php on line 71
[Thu, 16 Feb 2012 18:21:45 +0100] Notice: --- axRouter Started ---
[Thu, 16 Feb 2012 18:21:45 +0100] Debug: Choosen route: /{:lang::?} [params] {"controller":"IndexController","action":"index","lang":"fr"}
[Thu, 16 Feb 2012 18:23:28 +0100] Warning: (PHP Error) date() [<a href='function.date'>function.date</a>]: It is not safe to rely on the system's timezone settings. Please use the date.timezone setting, the TZ environment variable or the date_default_timezone_set() function. In case you used any of those methods and you are still getting this warning, you most likely misspelled the timezone identifier. We selected 'Europe/Paris' for '1.0/no DST' instead in H:\Workspace\php-axiom\www\php-axiom\libraries\axiom\axTextLogger.class.php on line 71
[Thu, 16 Feb 2012 18:23:28 +0100] Notice: --- axRouter Started ---
[Thu, 16 Feb 2012 18:23:28 +0100] Debug: Choosen route: /{:lang::?} [params] {"controller":"IndexController","action":"index","lang":"fr"}
[Thu, 16 Feb 2012 18:23:29 +0100] Warning: (PHP Error) date() [<a href='function.date'>function.date</a>]: It is not safe to rely on the system's timezone settings. Please use the date.timezone setting, the TZ environment variable or the date_default_timezone_set() function. In case you used any of those methods and you are still getting this warning, you most likely misspelled the timezone identifier. We selected 'Europe/Paris' for '1.0/no DST' instead in H:\Workspace\php-axiom\www\php-axiom\libraries\axiom\axTextLogger.class.php on line 71
[Thu, 16 Feb 2012 18:23:29 +0100] Notice: --- axRouter Started ---
[Thu, 16 Feb 2012 18:23:29 +0100] Debug: Choosen route: /{:lang::?} [params] {"controller":"IndexController","action":"index","lang":"fr"}
[Thu, 16 Feb 2012 18:23:30 +0100] Warning: (PHP Error) date() [<a href='function.date'>function.date</a>]: It is not safe to rely on the system's timezone settings. Please use the date.timezone setting, the TZ environment variable or the date_default_timezone_set() function. In case you used any of those methods and you are still getting this warning, you most likely misspelled the timezone identifier. We selected 'Europe/Paris' for '1.0/no DST' instead in H:\Workspace\php-axiom\www\php-axiom\libraries\axiom\axTextLogger.class.php on line 71
[Thu, 16 Feb 2012 18:23:30 +0100] Notice: --- axRouter Started ---
[Thu, 16 Feb 2012 18:23:30 +0100] Debug: Choosen route: /{:lang::?} [params] {"controller":"IndexController","action":"index","lang":"fr"}
[Thu, 16 Feb 2012 18:23:30 +0100] Warning: (PHP Error) date() [<a href='function.date'>function.date</a>]: It is not safe to rely on the system's timezone settings. Please use the date.timezone setting, the TZ environment variable or the date_default_timezone_set() function. In case you used any of those methods and you are still getting this warning, you most likely misspelled the timezone identifier. We selected 'Europe/Paris' for '1.0/no DST' instead in H:\Workspace\php-axiom\www\php-axiom\libraries\axiom\axTextLogger.class.php on line 71
[Thu, 16 Feb 2012 18:23:30 +0100] Notice: --- axRouter Started ---
[Thu, 16 Feb 2012 18:23:30 +0100] Debug: Choosen route: /{:lang::?} [params] {"controller":"IndexController","action":"index","lang":"fr"}
[Thu, 16 Feb 2012 18:23:56 +0100] Warning: (PHP Error) date() [<a href='function.date'>function.date</a>]: It is not safe to rely on the system's timezone settings. Please use the date.timezone setting, the TZ environment variable or the date_default_timezone_set() function. In case you used any of those methods and you are still getting this warning, you most likely misspelled the timezone identifier. We selected 'Europe/Paris' for '1.0/no DST' instead in H:\Workspace\php-axiom\www\php-axiom\libraries\axiom\axTextLogger.class.php on line 71
[Thu, 16 Feb 2012 18:23:56 +0100] Notice: --- axRouter Started ---
[Thu, 16 Feb 2012 18:23:56 +0100] Debug: Choosen route: /{:lang::?} [params] {"controller":"IndexController","action":"index","lang":"fr"}
[Thu, 16 Feb 2012 18:24:51 +0100] Warning: (PHP Error) date() [<a href='function.date'>function.date</a>]: It is not safe to rely on the system's timezone settings. Please use the date.timezone setting, the TZ environment variable or the date_default_timezone_set() function. In case you used any of those methods and you are still getting this warning, you most likely misspelled the timezone identifier. We selected 'Europe/Paris' for '1.0/no DST' instead in H:\Workspace\php-axiom\www\php-axiom\libraries\axiom\axTextLogger.class.php on line 71
[Thu, 16 Feb 2012 18:24:51 +0100] Notice: --- axRouter Started ---
[Thu, 16 Feb 2012 18:24:51 +0100] Debug: Invoke: IndexController::index
[Thu, 16 Feb 2012 18:25:35 +0100] Warning: (PHP Error) date() [<a href='function.date'>function.date</a>]: It is not safe to rely on the system's timezone settings. Please use the date.timezone setting, the TZ environment variable or the date_default_timezone_set() function. In case you used any of those methods and you are still getting this warning, you most likely misspelled the timezone identifier. We selected 'Europe/Paris' for '1.0/no DST' instead in H:\Workspace\php-axiom\www\php-axiom\libraries\axiom\axTextLogger.class.php on line 71
[Thu, 16 Feb 2012 18:25:35 +0100] Notice: --- axRouter Started ---
[Thu, 16 Feb 2012 18:25:35 +0100] Debug: Invoke: IndexController::index
[Thu, 16 Feb 2012 18:34:13 +0100] Warning: (PHP Error) date() [<a href='function.date'>function.date</a>]: It is not safe to rely on the system's timezone settings. Please use the date.timezone setting, the TZ environment variable or the date_default_timezone_set() function. In case you used any of those methods and you are still getting this warning, you most likely misspelled the timezone identifier. We selected 'Europe/Paris' for '1.0/no DST' instead in H:\Workspace\php-axiom\www\php-axiom\libraries\axiom\axTextLogger.class.php on line 71
[Thu, 16 Feb 2012 18:34:13 +0100] Notice: --- axRouter Started ---
[Thu, 16 Feb 2012 18:34:13 +0100] Debug: Invoke: IndexController::index
[Thu, 16 Feb 2012 18:34:53 +0100] Warning: (PHP Error) date() [<a href='function.date'>function.date</a>]: It is not safe to rely on the system's timezone settings. Please use the date.timezone setting, the TZ environment variable or the date_default_timezone_set() function. In case you used any of those methods and you are still getting this warning, you most likely misspelled the timezone identifier. We selected 'Europe/Paris' for '1.0/no DST' instead in H:\Workspace\php-axiom\www\php-axiom\libraries\axiom\axTextLogger.class.php on line 71
[Thu, 16 Feb 2012 18:34:53 +0100] Notice: --- axRouter Started ---
[Thu, 16 Feb 2012 18:34:53 +0100] Debug: Invoke: IndexController::index
[Thu, 16 Feb 2012 18:34:59 +0100] Warning: (PHP Error) date() [<a href='function.date'>function.date</a>]: It is not safe to rely on the system's timezone settings. Please use the date.timezone setting, the TZ environment variable or the date_default_timezone_set() function. In case you used any of those methods and you are still getting this warning, you most likely misspelled the timezone identifier. We selected 'Europe/Paris' for '1.0/no DST' instead in H:\Workspace\php-axiom\www\php-axiom\libraries\axiom\axTextLogger.class.php on line 71
[Thu, 16 Feb 2012 18:34:59 +0100] Notice: --- axRouter Started ---
[Thu, 16 Feb 2012 18:34:59 +0100] Debug: Choosen route: /{:lang::?}/ [params] {"controller":"IndexController","action":"index","lang":"fr"}
[Thu, 16 Feb 2012 18:35:47 +0100] Warning: (PHP Error) date() [<a href='function.date'>function.date</a>]: It is not safe to rely on the system's timezone settings. Please use the date.timezone setting, the TZ environment variable or the date_default_timezone_set() function. In case you used any of those methods and you are still getting this warning, you most likely misspelled the timezone identifier. We selected 'Europe/Paris' for '1.0/no DST' instead in H:\Workspace\php-axiom\www\php-axiom\libraries\axiom\axTextLogger.class.php on line 71
[Thu, 16 Feb 2012 18:35:47 +0100] Notice: --- axRouter Started ---
[Thu, 16 Feb 2012 18:35:47 +0100] Debug: Choosen route: /{:lang::?}/ [params] {"controller":"IndexController","action":"index","lang":"fr"}
[Thu, 16 Feb 2012 18:36:27 +0100] Warning: (PHP Error) date() [<a href='function.date'>function.date</a>]: It is not safe to rely on the system's timezone settings. Please use the date.timezone setting, the TZ environment variable or the date_default_timezone_set() function. In case you used any of those methods and you are still getting this warning, you most likely misspelled the timezone identifier. We selected 'Europe/Paris' for '1.0/no DST' instead in H:\Workspace\php-axiom\www\php-axiom\libraries\axiom\axTextLogger.class.php on line 71
[Thu, 16 Feb 2012 18:36:27 +0100] Notice: --- axRouter Started ---
[Thu, 16 Feb 2012 18:36:27 +0100] Debug: Choosen route: /{:lang::?}/ [params] {"controller":"IndexController","action":"index","lang":"fr"}
[Thu, 16 Feb 2012 18:36:39 +0100] Warning: (PHP Error) date() [<a href='function.date'>function.date</a>]: It is not safe to rely on the system's timezone settings. Please use the date.timezone setting, the TZ environment variable or the date_default_timezone_set() function. In case you used any of those methods and you are still getting this warning, you most likely misspelled the timezone identifier. We selected 'Europe/Paris' for '1.0/no DST' instead in H:\Workspace\php-axiom\www\php-axiom\libraries\axiom\axTextLogger.class.php on line 71
[Thu, 16 Feb 2012 18:36:39 +0100] Notice: --- axRouter Started ---
[Thu, 16 Feb 2012 18:36:39 +0100] Debug: Choosen route: /{:lang::?}/ [params] {"controller":"IndexController","action":"index","lang":"fr"}
[Thu, 16 Feb 2012 18:36:39 +0100] Notice: (PHP Error) Use of undefined constant LC_MESSAGES - assumed 'LC_MESSAGES' in H:\Workspace\php-axiom\www\php-axiom\libraries\axiom\axLocale.class.php on line 126
[Thu, 16 Feb 2012 18:36:39 +0100] Warning: (PHP Error) date() [<a href='function.date'>function.date</a>]: It is not safe to rely on the system's timezone settings. Please use the date.timezone setting, the TZ environment variable or the date_default_timezone_set() function. In case you used any of those methods and you are still getting this warning, you most likely misspelled the timezone identifier. We selected 'Europe/Paris' for '1,0/no DST' instead in H:\Workspace\php-axiom\www\php-axiom\libraries\axiom\axTextLogger.class.php on line 71
[Thu, 16 Feb 2012 18:36:39 +0100] Debug: Invoke: IndexController::index
[Thu, 16 Feb 2012 19:06:06 +0100] Notice: (PHP Error) Use of undefined constant LC_MESSAGES - assumed 'LC_MESSAGES' in H:\Workspace\php-axiom\www\php-axiom\libraries\axiom\axLocale.class.php on line 126
[Thu, 16 Feb 2012 19:06:32 +0100] Notice: (PHP Error) Use of undefined constant LC_MESSAGES - assumed 'LC_MESSAGES' in H:\Workspace\php-axiom\www\php-axiom\libraries\axiom\axLocale.class.php on line 126
[Thu, 16 Feb 2012 19:06:36 +0100] Notice: (PHP Error) Use of undefined constant LC_MESSAGES - assumed 'LC_MESSAGES' in H:\Workspace\php-axiom\www\php-axiom\libraries\axiom\axLocale.class.php on line 126
[Fri, 17 Feb 2012 09:18:11 +0100] Notice: (PHP Error) Use of undefined constant LC_MESSAGES - assumed 'LC_MESSAGES' in H:\Workspace\php-axiom\www\php-axiom\libraries\axiom\axLocale.class.php on line 126
[Fri, 17 Feb 2012 09:18:20 +0100] Notice: (PHP Error) Use of undefined constant LC_MESSAGES - assumed 'LC_MESSAGES' in H:\Workspace\php-axiom\www\php-axiom\libraries\axiom\axLocale.class.php on line 126
